<?xml version="1.0" encoding="UTF-8" ?>
<testsuite tests="4" failures="0" name="es.joninx.citybikesjavaclient.test.MainTest" time="1.723" errors="0" skipped="0">
  <properties>
[...]
</properties>
  <testcase classname="es.joninx.citybikesjavaclient.test.MainTest" name="es.joninx.citybikesjavaclient.test.MainTest.testGetNetworkAsync" time="0.533"/>
  <testcase classname="es.joninx.citybikesjavaclient.test.MainTest" name="es.joninx.citybikesjavaclient.test.MainTest.testGetNetworksAsync" time="0"/>
  <testcase classname="es.joninx.citybikesjavaclient.test.MainTest" name="es.joninx.citybikesjavaclient.test.MainTest.testGetNetworks" time="0.674"/>
  <testcase classname="es.joninx.citybikesjavaclient.test.MainTest" name="es.joninx.citybikesjavaclient.test.MainTest.testGetNetwork" time="0.516"/>
</testsuite>